<?xml version="1.0" encoding="UTF-8"?>
<testsuite xmlns:xsi="http://www.w3.org/2001/XMLSchema-instance" xsi:noNamespaceSchemaLocation="https://maven.apache.org/surefire/maven-surefire-plugin/xsd/surefire-test-report-3.0.xsd" version="3.0" name="com.spaceinvaders.factory.FabricaNavesTest" time="0.029" tests="4" errors="0" skipped="0" failures="0">
  <properties>
[...]
</properties>
  <testcase name="crearNaveRocket" classname="com.spaceinvaders.factory.FabricaNavesTest" time="0.013"/>
  <testcase name="crearNaveUFO" classname="com.spaceinvaders.factory.FabricaNavesTest" time="0.003"/>
  <testcase name="crearNaveInvalida" classname="com.spaceinvaders.factory.FabricaNavesTest" time="0.004"/>
  <testcase name="crearNaveBigUFO" classname="com.spaceinvaders.factory.FabricaNavesTest" time="0.002"/>
</testsuite>